Welcome To The Ominous Reboot or AKA 3.0.

This is the running changelog.

Added 8/28:
Added: bdlib-1.9.2.103-mc1.7.10
Added: ae2stuff-rv3-0.5.02-mc1.7.10
Added: Aroma1997Core-1.7.10-1.0.2.15
Added: Aroma1997s-Dimensional-World-1.7.10.1.1.0.1

Added 8/27:
Added: appliedenergistics2-rv3-alpha-5
Added: Botania r1.7-215
Added: Floodlights-1.7.10-0.6.7-96
Added: Decocraft-2.1_1.7.10
Added: Minetweaker3-1.7.10-3.0.9C
Added: Chisel-2.9.0.3
Added: Baubles-1.7.10-1.0.1.10
Added: StevesWorkshop-0.51
Added: extrautilities-1.2.11
Added: ModPouches-1.7.10-1.0.1
Updated: Decocraft-2.1.1_1.7.10


Added 8/24:
Added: Pneumaticraft 1.7.10-1.11.1-121
Added: NotEnoughItems-1.7.10-1.0.5.111
Added: HardcoreDarkness-1.5
Added: CodeChickenCore-1.7.10-1.0.7.47
Added: WorldBorder-Forge-1.0.1
Config: Pneumaticfraft: Compatibility with other mods.

